<?xml version="1.0" encoding="UTF-8"?>
<!-- Generated by org.testng.reporters.JUnitReportReporter -->
<testsuite hostname="ShibaShankar" failures="0" tests="1" name="stringprogram.Vowel_Count_Descending" time="0.022" errors="0" timestamp="2023-08-07T20:55:44 IST" skipped="0">
  <testcase classname="stringprogram.Vowel_Count_Descending" name="count" time="0.022"/>
  <system-out/>
</testsuite> <!-- stringprogram.Vowel_Count_Descending -->
