<?xml version="1.0" encoding="UTF-8"?>
<!-- Generated by org.testng.reporters.JUnitReportReporter -->
<testsuite hostname="ShibaShankar" failures="0" tests="1" name="stringprogram.Occurance_Of_Words" time="0.027" errors="0" timestamp="2023-08-05T10:05:25 IST" skipped="0">
  <testcase classname="stringprogram.Occurance_Of_Words" name="occur" time="0.027"/>
  <system-out/>
</testsuite> <!-- stringprogram.Occurance_Of_Words -->
