<?xml version="1.0" encoding="UTF-8"?>
<!-- Generated by org.testng.reporters.JUnitReportReporter -->
<testsuite hostname="ShibaShankar" failures="0" tests="1" name="stringprogram.PrimeNumberAndPalindrome" time="0.020" errors="0" timestamp="2023-08-08T12:41:33 IST" skipped="0">
  <testcase classname="stringprogram.PrimeNumberAndPalindrome" name="primeAndpalindrome" time="0.020"/>
  <system-out/>
</testsuite> <!-- stringprogram.PrimeNumberAndPalindrome -->
