<?xml version="1.0" encoding="UTF-8"?>
<!-- Generated by org.testng.reporters.JUnitReportReporter -->
<testsuite hostname="ShibaShankar" failures="0" tests="1" name="stringprogram.Insert_a_string_into_middle_of_string_array" time="0.023" errors="0" timestamp="2023-08-03T16:33:08 IST" skipped="0">
  <testcase classname="stringprogram.Insert_a_string_into_middle_of_string_array" name="insert" time="0.023"/>
  <system-out/>
</testsuite> <!-- stringprogram.Insert_a_string_into_middle_of_string_array -->
