<?xml version="1.0" encoding="UTF-8"?>
<!-- Generated by org.testng.reporters.JUnitReportReporter -->
<testsuite hostname="ShibaShankar" failures="0" tests="1" name="stringprogram.InputPattern" time="0.018" errors="0" timestamp="2023-08-06T19:18:22 IST" skipped="0">
  <testcase classname="stringprogram.InputPattern" name="input" time="0.018"/>
  <system-out/>
</testsuite> <!-- stringprogram.InputPattern -->
