<?xml version="1.0" encoding="UTF-8"?>
<!-- Generated by org.testng.reporters.JUnitReportReporter -->
<testsuite hostname="ShibaShankar" failures="0" tests="1" name="stringprogram.InputOutput" time="0.021" errors="0" timestamp="2023-08-23T17:19:36 IST" skipped="0">
  <testcase classname="stringprogram.InputOutput" name="b" time="0.021"/>
  <system-out/>
</testsuite> <!-- stringprogram.InputOutput -->
