<?xml version="1.0" encoding="UTF-8"?>
<!-- Generated by org.testng.reporters.JUnitReportReporter -->
<testsuite hostname="ShibaShankar" failures="0" tests="1" name="stringprogram.Input" time="0.024" errors="0" timestamp="2023-08-06T19:12:57 IST" skipped="0">
  <testcase classname="stringprogram.Input" name="input" time="0.024"/>
  <system-out/>
</testsuite> <!-- stringprogram.Input -->
