<?xml version="1.0" encoding="UTF-8"?>
<!-- Generated by org.testng.reporters.JUnitReportReporter -->
<testsuite hostname="ShibaShankar" failures="0" tests="1" name="stringprogram.Pattern1" time="0.021" errors="0" timestamp="2023-08-07T23:20:27 IST" skipped="0">
  <testcase classname="stringprogram.Pattern1" name="pattern" time="0.021"/>
  <system-out/>
</testsuite> <!-- stringprogram.Pattern1 -->
