<?xml version="1.0" encoding="UTF-8"?>
<!-- Generated by org.testng.reporters.JUnitReportReporter -->
<testsuite hostname="ShibaShankar" failures="0" tests="1" name="stringprogram.Input_ProductOfNumbers" time="0.032" errors="0" timestamp="2023-08-09T09:28:20 IST" skipped="0">
  <testcase classname="stringprogram.Input_ProductOfNumbers" name="input" time="0.032"/>
  <system-out/>
</testsuite> <!-- stringprogram.Input_ProductOfNumbers -->
