<?xml version="1.0" encoding="UTF-8"?>
<!-- Generated by org.testng.reporters.JUnitReportReporter -->
<testsuite hostname="ShibaShankar" failures="0" tests="1" name="stringprogram.Count_Characters" time="0.031" errors="0" timestamp="2023-08-03T16:48:57 IST" skipped="0">
  <testcase classname="stringprogram.Count_Characters" name="count" time="0.031"/>
  <system-out/>
</testsuite> <!-- stringprogram.Count_Characters -->
