<?xml version="1.0" encoding="UTF-8"?>
<!-- Generated by org.testng.reporters.JUnitReportReporter -->
<testsuite hostname="ShibaShankar" failures="0" tests="1" name="stringprogram.Find_first_max_element_without_bubble_sorting" time="0.020" errors="0" timestamp="2023-08-03T16:53:43 IST" skipped="0">
  <testcase classname="stringprogram.Find_first_max_element_without_bubble_sorting" name="max" time="0.020"/>
  <system-out/>
</testsuite> <!-- stringprogram.Find_first_max_element_without_bubble_sorting -->
