<?xml version="1.0" encoding="UTF-8"?>
<!-- Generated by org.testng.reporters.JUnitReportReporter -->
<testsuite hostname="ShibaShankar" failures="0" tests="1" name="stringprogram.Even_Number_1_to_20" time="0.030" errors="0" timestamp="2023-08-05T09:50:45 IST" skipped="0">
  <testcase classname="stringprogram.Even_Number_1_to_20" name="even" time="0.030"/>
  <system-out/>
</testsuite> <!-- stringprogram.Even_Number_1_to_20 -->
