<?xml version="1.0" encoding="UTF-8"?>
<!-- Generated by org.testng.reporters.JUnitReportReporter -->
<testsuite hostname="ShibaShankar" failures="0" tests="1" name="stringprogram.Word_With_Character_Reverse" time="0.023" errors="0" timestamp="2023-08-06T20:41:06 IST" skipped="0">
  <testcase classname="stringprogram.Word_With_Character_Reverse" name="reverse" time="0.023"/>
  <system-out/>
</testsuite> <!-- stringprogram.Word_With_Character_Reverse -->
