<?xml version="1.0" encoding="UTF-8"?>
<!-- Generated by org.testng.reporters.JUnitReportReporter -->
<testsuite hostname="ShibaShankar" failures="0" tests="1" name="stringprogram.Print_Missing_Number" time="0.021" errors="0" timestamp="2023-08-06T19:04:48 IST" skipped="0">
  <testcase classname="stringprogram.Print_Missing_Number" name="missing" time="0.021"/>
  <system-out/>
</testsuite> <!-- stringprogram.Print_Missing_Number -->
