<?xml version="1.0" encoding="UTF-8"?>
<!-- Generated by org.testng.reporters.JUnitReportReporter -->
<testsuite hostname="ShibaShankar" failures="0" tests="1" name="stringprogram.Wap_to_reverse_the_string" time="0.023" errors="0" timestamp="2023-08-06T19:24:47 IST" skipped="0">
  <testcase classname="stringprogram.Wap_to_reverse_the_string" name="reverse" time="0.023"/>
  <system-out/>
</testsuite> <!-- stringprogram.Wap_to_reverse_the_string -->
