<?xml version="1.0" encoding="UTF-8"?>
<!-- Generated by org.testng.reporters.JUnitReportReporter -->
<testsuite hostname="ShibaShankar" failures="0" tests="1" name="stringprogram.Print_Character_Which_Are_Not_Duplicate" time="0.021" errors="0" timestamp="2023-08-05T12:42:57 IST" skipped="0">
  <testcase classname="stringprogram.Print_Character_Which_Are_Not_Duplicate" name="character" time="0.021"/>
  <system-out/>
</testsuite> <!-- stringprogram.Print_Character_Which_Are_Not_Duplicate -->
