<?xml version="1.0" encoding="UTF-8"?>
<!-- Generated by org.testng.reporters.JUnitReportReporter -->
<testsuite hostname="ShibaShankar" failures="0" tests="1" name="stringprogram.Reverse_Words_In_A_String" time="0.022" errors="0" timestamp="2023-08-03T15:44:34 IST" skipped="0">
  <testcase classname="stringprogram.Reverse_Words_In_A_String" name="reverse" time="0.022"/>
  <system-out/>
</testsuite> <!-- stringprogram.Reverse_Words_In_A_String -->
