<?xml version="1.0" encoding="UTF-8"?>
<!-- Generated by org.testng.reporters.JUnitReportReporter -->
<testsuite hostname="ShibaShankar" failures="0" tests="1" name="stringprogram.Reverse_String" time="0.021" errors="0" timestamp="2023-08-03T17:19:32 IST" skipped="0">
  <testcase classname="stringprogram.Reverse_String" name="reverse" time="0.021"/>
  <system-out/>
</testsuite> <!-- stringprogram.Reverse_String -->
