<?xml version="1.0" encoding="UTF-8"?>
<!-- Generated by org.testng.reporters.JUnitReportReporter -->
<testsuite hostname="ShibaShankar" failures="0" tests="1" name="stringprogram.ReverseAlternateWords" time="0.021" errors="0" timestamp="2023-08-08T23:24:05 IST" skipped="0">
  <testcase classname="stringprogram.ReverseAlternateWords" name="reverse" time="0.021"/>
  <system-out/>
</testsuite> <!-- stringprogram.ReverseAlternateWords -->
