<?xml version="1.0" encoding="UTF-8"?>
<!-- Generated by org.testng.reporters.JUnitReportReporter -->
<testsuite hostname="ShibaShankar" failures="0" tests="1" name="stringprogram.Count_Characters_Input" time="0.026" errors="0" timestamp="2023-08-05T10:45:17 IST" skipped="0">
  <testcase classname="stringprogram.Count_Characters_Input" name="count" time="0.026"/>
  <system-out/>
</testsuite> <!-- stringprogram.Count_Characters_Input -->
