<?xml version="1.0" encoding="UTF-8"?>
<!-- Generated by org.testng.reporters.JUnitReportReporter -->
<testsuite hostname="ShibaShankar" failures="0" tests="1" name="stringprogram.Prime_number_1_to_100" time="0.028" errors="0" timestamp="2023-08-05T10:18:35 IST" skipped="0">
  <testcase classname="stringprogram.Prime_number_1_to_100" name="prime" time="0.028"/>
  <system-out/>
</testsuite> <!-- stringprogram.Prime_number_1_to_100 -->
