<?xml version="1.0" encoding="UTF-8"?>
<!-- Generated by org.testng.reporters.JUnitReportReporter -->
<testsuite hostname="ShibaShankar" failures="0" tests="1" name="stringprogram.PalindromeUsingIterator" time="0.022" errors="0" timestamp="2023-08-07T23:10:04 IST" skipped="0">
  <testcase classname="stringprogram.PalindromeUsingIterator" name="palindrme" time="0.022"/>
  <system-out/>
</testsuite> <!-- stringprogram.PalindromeUsingIterator -->
