<?xml version="1.0" encoding="UTF-8"?>
<!-- Generated by org.testng.reporters.JUnitReportReporter -->
<testsuite hostname="ShibaShankar" failures="0" tests="1" name="stringprogram.Remove_Duplicates_From_String" time="0.023" errors="0" timestamp="2023-08-03T15:53:06 IST" skipped="0">
  <testcase classname="stringprogram.Remove_Duplicates_From_String" name="duplicate" time="0.023"/>
  <system-out/>
</testsuite> <!-- stringprogram.Remove_Duplicates_From_String -->
