<?xml version="1.0" encoding="UTF-8"?>
<!-- Generated by org.testng.reporters.JUnitReportReporter -->
<testsuite hostname="ShibaShankar" failures="0" tests="1" name="stringprogram.Count_Characters_In_String" time="0.023" errors="0" timestamp="2023-08-05T10:35:21 IST" skipped="0">
  <testcase classname="stringprogram.Count_Characters_In_String" name="count" time="0.023"/>
  <system-out/>
</testsuite> <!-- stringprogram.Count_Characters_In_String -->
