<?xml version="1.0" encoding="UTF-8"?>
<!-- Generated by org.testng.reporters.JUnitReportReporter -->
<testsuite hostname="ShibaShankar" failures="0" tests="1" name="stringprogram.Input_count" time="0.019" errors="0" timestamp="2023-08-08T20:03:26 IST" skipped="0">
  <testcase classname="stringprogram.Input_count" name="count" time="0.019"/>
  <system-out/>
</testsuite> <!-- stringprogram.Input_count -->
