<?xml version="1.0" encoding="UTF-8"?>
<!-- Generated by org.testng.reporters.JUnitReportReporter -->
<testsuite hostname="ShibaShankar" failures="0" tests="1" name="stringprogram.Print_Substringof2_Without_Duplicate" time="0.022" errors="0" timestamp="2023-08-06T19:57:24 IST" skipped="0">
  <testcase classname="stringprogram.Print_Substringof2_Without_Duplicate" name="substring1" time="0.022"/>
  <system-out/>
</testsuite> <!-- stringprogram.Print_Substringof2_Without_Duplicate -->
