<?xml version="1.0" encoding="UTF-8"?>
<!-- Generated by org.testng.reporters.JUnitReportReporter -->
<testsuite hostname="ShibaShankar" failures="0" tests="1" name="stringprogram.Sum_Is_11" time="0.021" errors="0" timestamp="2023-08-07T23:28:24 IST" skipped="0">
  <testcase classname="stringprogram.Sum_Is_11" name="sum" time="0.021"/>
  <system-out/>
</testsuite> <!-- stringprogram.Sum_Is_11 -->
