<?xml version="1.0" encoding="UTF-8"?>
<!-- Generated by org.testng.reporters.JUnitReportReporter -->
<testsuite hostname="ShibaShankar" failures="0" tests="1" name="stringprogram.DateOfBirth" time="0.024" errors="0" timestamp="2023-08-30T12:09:43 IST" skipped="0">
  <testcase classname="stringprogram.DateOfBirth" name="countDuplicate" time="0.024"/>
  <system-out/>
</testsuite> <!-- stringprogram.DateOfBirth -->
