<?xml version="1.0" encoding="UTF-8"?>
<!-- Generated by org.testng.reporters.JUnitReportReporter -->
<testsuite hostname="ShibaShankar" failures="0" tests="1" name="stringprogram.Product_of_Max_3_element" time="0.020" errors="0" timestamp="2023-08-03T17:05:06 IST" skipped="0">
  <testcase classname="stringprogram.Product_of_Max_3_element" name="product" time="0.020"/>
  <system-out/>
</testsuite> <!-- stringprogram.Product_of_Max_3_element -->
