<?xml version="1.0" encoding="UTF-8"?>
<!-- Generated by org.testng.reporters.JUnitReportReporter -->
<testsuite hostname="ShibaShankar" failures="0" tests="1" name="stringprogram.TryCatchFinally" time="0.032" errors="0" timestamp="2023-08-04T14:44:36 IST" skipped="0">
  <testcase classname="stringprogram.TryCatchFinally" name="tried" time="0.032"/>
  <system-out/>
</testsuite> <!-- stringprogram.TryCatchFinally -->
