<?xml version="1.0" encoding="UTF-8"?>
<!-- Generated by org.testng.reporters.JUnitReportReporter -->
<testsuite hostname="ShibaShankar" failures="0" tests="1" name="stringprogram.Remove_Duplicate_Words" time="0.024" errors="0" timestamp="2023-08-03T16:08:07 IST" skipped="0">
  <testcase classname="stringprogram.Remove_Duplicate_Words" name="remove_duplicate" time="0.024"/>
  <system-out/>
</testsuite> <!-- stringprogram.Remove_Duplicate_Words -->
