<?xml version="1.0" encoding="UTF-8"?>
<!-- Generated by org.testng.reporters.JUnitReportReporter -->
<testsuite hostname="ShibaShankar" failures="0" tests="1" name="stringprogram.Print_Missing_Number" time="0.022" errors="0" timestamp="2023-08-30T11:06:55 IST" skipped="0">
  <testcase classname="stringprogram.Print_Missing_Number" name="missing" time="0.022"/>
  <system-out/>
</testsuite> <!-- stringprogram.Print_Missing_Number -->
